C51 COMPILER V9.51   MAIN                                                                  05/09/2015 15:00:58 PAGE 1   


C51 COMPILER V9.51, COMPILATION OF MODULE MAIN
OBJECT MODULE PLACED IN MAIN.OBJ
COMPILER INVOKED BY: d:\Keil\C51\BIN\C51.EXE MAIN.c LARGE OPTIMIZE(9,SPEED) BROWSE DEBUG OBJECTEXTEND TABS(2)

line level    source

   1          /**********************主函数文件*******************
   2          *  晶振:11.0592MHZ
   3          *  
   4          ******************************************************************/
   5          /**********************包含文件*******************/
   6          #include <reg52.h>
   7          #include "HEAD.h"
   8          #include "12864.h"
   9          #include <math.h>
  10          #include "24C0X.h"
  11          #include "DS18B20.h"
  12          #include "KEY.h"
  13          #include "PWM.h"
  14          /*********************************全局变量定义***********************************/
  15          uchar show = 0x01;//  8温度 7里程 6转速 5时速 4表二 3表一 2时间 1全清  0无
  16          double trip_data = 0;
  17          uint mps_data = 0;
  18          sbit IN3 = P3^5;
  19          sbit IN4 = P3^6;
  20          sbit BEEP = P2^3;
  21          /*****************************************主函数*************************************/
  22          
  23          void main(void)
  24          {
  25   1        uchar x1,y1,x2,y2,n1 = 0,n2 = 0,n1_last = 0,n2_last = 0;
  26   1        uchar YMD[] = "2015:05:08";//0-3 year 5-6 month 8-9 day
  27   1        uchar Time[] = "14:06";//0-1 hour 3-4 minute
  28   1        uchar Temp[] = "00";
  29   1        uchar Mps[] = "0000";
  30   1        uchar Rs[] = "000";
  31   1        uchar Trip[] = "0000";
  32   1        uchar i = 0;  
  33   1        //温度数据2位 度     速度数据4位 m/h    转速数据3位 r/m    里程数据4位 m
  34   1        uint tem_1 = 0,tem_2 = 0;
  35   1        uint Data_Show_Last = 0;
  36   1        uchar hour = 0,minute = 0;
  37   1        BEEP = 0;//关闭蜂鸣器
  38   1        
  39   1        LCD_Init();  
  40   1        //LCD_Clear();
  41   1        LCD_Gui_Clear();
  42   1        IN3 = 1;
  43   1        IN4 = 0;
  44   1        //ENA = 1;
  45   1        //USER_Timer_Init();
  46   1        PWM_Init_0();
  47   1        pwm_set_0 = 3000;
  48   1        pwm_cycle_0 = 10000;
  49   1        USER_Timer_Init();
  50   1        EEPROM_Init();
  51   1        /***************************************************************************/
  52   1        Trip[0] = EEPROM_Read(0x04);//最大位
  53   1        Trip[1] = EEPROM_Read(0x03);
  54   1        Trip[2] = EEPROM_Read(0x02);
  55   1        Trip[3] = EEPROM_Read(0x01);
C51 COMPILER V9.51   MAIN                                                                  05/09/2015 15:00:58 PAGE 2   

  56   1        trip_data = (Trip[0]-0x30) * 1000 + (Trip[1]-0x30) * 100 + (Trip[2]-0x30) * 10 + (Trip[3]-0x30);//里程
  57   1        show |= 0x40;
  58   1        //show |= 0x30;
  59   1        minute = (Time[4] - 0x30) + (Time[3] - 0x30) * 10;
  60   1        hour = (Time[1] - 0x30) + (Time[0] - 0x30) * 10;
  61   1        /*************************清空里程***************************************
  62   1        EEPROM_Write(0x01,0x30);
  63   1        EEPROM_Write(0x02,0x30);
  64   1        EEPROM_Write(0x03,0x30);
  65   1        EEPROM_Write(0x04,0x30);
  66   1        /***************************************************************************/
  67   1        EA = 1;
  68   1        //EEPROM_Init();
  69   1        //初始化全部
  70   1        while(1)
  71   1        {
  72   2          /******************键盘检测接收***************************/
  73   2          KEY_Scan();
  74   2          /******************转速接收***************************/
  75   2          if(Data_Show_Last != Data_Show && show != 0x01)
  76   2          {
  77   3            Rs[0] = Data_Show / 100 % 10 + 0x30;//转速
  78   3            Rs[1] = Data_Show / 10 % 10 + 0x30;
  79   3            Rs[2] = Data_Show % 10 + 0x30;
  80   3            Data_Show_Last = Data_Show;
  81   3            show |= 0x20;
  82   3            n2 = (Data_Show / 35);//表2
  83   3            if(n2_last != n2)
  84   3            {
  85   4              show |= 0x08;
  86   4              n2_last = n2;
  87   4            }
  88   3            
  89   3            mps_data = 21.98 * Data_Show * 60 / 100;//时速 m/h
  90   3            Mps[0] = mps_data / 1000 % 10 + 0x30;
  91   3            Mps[1] = mps_data / 100 % 10 + 0x30;
  92   3            Mps[2] = mps_data / 10 % 10 + 0x30;
  93   3            Mps[3] = mps_data % 10 + 0x30;
  94   3            show |= 0x10;
  95   3            n1 = (mps_data / 450); //表1
  96   3            if(n1_last != n1)
  97   3            {
  98   4              show |= 0x04;
  99   4              n1_last = n1;
 100   4            }
 101   3            
 102   3            //trip_data += mps_data / 60 / 1000;
 103   3          }
 104   2          /******************时间和里程计算*******************************/
 105   2          if(user_time > 60)
 106   2          {
 107   3            user_time = 0;
 108   3            Trip[0] = (uint)trip_data / 1000 % 10 + 0x30;//最大位
 109   3            Trip[1] = (uint)trip_data / 100 % 10 + 0x30;
 110   3            Trip[2] = (uint)trip_data / 10 % 10 + 0x30;
 111   3            Trip[3] = (uint)trip_data % 10 + 0x30;
 112   3            EEPROM_Write(0x01,Trip[3]);
 113   3            EEPROM_Write(0x02,Trip[2]);
 114   3            EEPROM_Write(0x03,Trip[1]);
 115   3            EEPROM_Write(0x04,Trip[0]);
 116   3            show = 0x40;
 117   3            minute++;
C51 COMPILER V9.51   MAIN                                                                  05/09/2015 15:00:58 PAGE 3   

 118   3            if(minute == 60)
 119   3            {
 120   4              minute = 0;
 121   4              hour++;
 122   4              Time[4] = '0';
 123   4              Time[3] = '0';
 124   4              Time[1] = hour % 10 + 0x30;
 125   4              Time[0] = hour / 10 + 0x30;
 126   4            }else
 127   3            {
 128   4              Time[4] = minute % 10 + 0x30;
 129   4              Time[3] = minute / 10 + 0x30;
 130   4            }
 131   3            show |= 0x02;
 132   3          }
 133   2          /******************温度接收***************************/
 134   2          tem_1 = TMP();
 135   2          if(tem_2 != tem_1 && tem_1 < 500)
 136   2          {
 137   3            Temp[0] = tem_1 / 100 % 10+ 0x30;
 138   3            Temp[1] = tem_1 / 10 % 10 + 0x30;
 139   3            //Temp[0] = 0x32;
 140   3            //Temp[1] = 0x32;
 141   3            tem_2 = tem_1;
 142   3            //LCD_Gui_Point(1,1,1);
 143   3            if(tem_1 > 350)//35度报警
 144   3              BEEP = 1;
 145   3            else BEEP = 0;
 146   3            show |= 0x80;
 147   3          }
 148   2          /****************************************************
 149   2          LCD_Wstring(0,0,"ABC");
 150   2          
 151   2          /******************图形绘制***************************/
 152   2          if( (show & 0x01) == 0x01)
 153   2          {
 154   3            LCD_Wstring_Small(25,0,YMD);
 155   3            LCD_Wstring_Small(80,0,Time);
 156   3            
 157   3            LCD_Gui_Circle(35,27,18);//第一个表盘
 158   3            LCD_Wstring_Small(16,37,"0");//初始刻度
 159   3            LCD_Wstring_Small(51,37,"4000");//终止刻度
 160   3            y1 = 27 + cos(3.14 / 6 * n1 + 3.14 / 4) * 18;
 161   3            x1 = 35 - sin(3.14 / 6 * n1 + 3.14 / 4) * 18;//表1角度算法
 162   3            LCD_Gui_line(35,27,x1,y1,1);
 163   3            
 164   3            LCD_Gui_Circle(95,27,18);//第二个表盘
 165   3            LCD_Wstring_Small(76,37,"0");//初始刻度
 166   3            LCD_Wstring_Small(76+35,37,"300");//终止刻度
 167   3            y2 = 27 + cos(3.14 / 6 * n2 + 3.14 / 4) * 18;
 168   3            x2 = 95 - sin(3.14 / 6 * n2 + 3.14 / 4) * 18;//表2角度算法
 169   3            LCD_Gui_line(95,27,x2,y2,1);
 170   3            
 171   3            //第一排 时速 转速
 172   3            LCD_Wstring_Small(0,47,"MPS :");//时速
 173   3            //LCD_Wstring_Small(25+5,47,Mps);
 174   3            LCD_Wstring_Small(46,47,"m/h");
 175   3            
 176   3            LCD_Wstring_Small(58+10,47,"RS:");//转速
 177   3            //LCD_Wstring_Small(72+15,47,Rs);
 178   3            LCD_Wstring_Small(82+20,47,"r/m");
 179   3            
C51 COMPILER V9.51   MAIN                                                                  05/09/2015 15:00:58 PAGE 4   

 180   3            //第二排 里程 温度
 181   3            LCD_Wstring_Small(0,56,"TRIP:");//里程
 182   3            //LCD_Wstring_Small(25+5,56,Trip);
 183   3            LCD_Wstring_Small(46,56,"m");
 184   3            
 185   3            LCD_Wstring_Small(50+18,56,"T :");//温度
 186   3            //LCD_Wstring_Small(60+27,56,Temp);
 187   3            LCD_Wstring_Small(70+27,56,"C");
 188   3            show &= 0xfe;
 189   3            //USER_Timer_Init();
 190   3            //EA = 1;
 191   3          }
 192   2          
 193   2          if( (show & 0x02) == 0x02)//时分
 194   2          {
 195   3            LCD_Wstring_Small(80,0,Time);//show 2 time
 196   3            show &= 0xfd;
 197   3          }
 198   2          if( (show & 0x04) == 0x04)
 199   2          {
 200   3            LCD_Gui_line(35,27,x1,y1,0);//show 3 biao 1 清盘
 201   3            //LCD_Gui_Circle(35,27,18);//第一个表盘
 202   3            //LCD_Wstring_Small(16,37,"0");//初始刻度
 203   3            //LCD_Wstring_Small(51,37,"90");//终止刻度
 204   3            y1 = 27 + cos(3.14 / 6 * n1 + 3.14 / 4) * 18;
 205   3            x1 = 35 - sin(3.14 / 6 * n1 + 3.14 / 4) * 18;//表1角度算法
 206   3            LCD_Gui_line(35,27,x1,y1,1);//show 3 biao 1
 207   3            show &= 0xfb;
 208   3          }
 209   2          if( (show & 0x08) == 0x08)
 210   2          {
 211   3            LCD_Gui_line(95,27,x2,y2,0);//show 4 biao 2 清盘
 212   3            //LCD_Gui_Circle(95,27,18);//第二个表盘
 213   3            //LCD_Wstring_Small(76,37,"0");//初始刻度
 214   3            //LCD_Wstring_Small(76+35,37,"90");//终止刻度
 215   3            y2 = 27 + cos(3.14 / 6 * n2 + 3.14 / 4 ) * 18;
 216   3            x2 = 95 - sin(3.14 / 6 * n2 + 3.14 / 4 ) * 18;//表2角度算法
 217   3            LCD_Gui_line(95,27,x2,y2,1);//show 4 biao 2
 218   3            show &= 0xf7;
 219   3          }
 220   2          if( (show & 0x10) == 0x10)//时速 MPS
 221   2          {
 222   3            LCD_Wstring_Small(25,47,Mps);//show 5 MPS
 223   3            show &= 0xef;
 224   3          }
 225   2          if( (show & 0x20) == 0x20)//转速 RS
 226   2          {
 227   3            LCD_Wstring_Small(72+15,47,Rs);//show 6 RS
 228   3            show &= 0xdf;
 229   3          }
 230   2          if( (show & 0x40) == 0x40)//里程 TRIP
 231   2          {
 232   3            LCD_Wstring_Small(25,56,Trip);//show 7 TRIP
 233   3            show &= 0xbf;
 234   3          }
 235   2          if( (show & 0x80) == 0x80)//温度 tempture
 236   2          {
 237   3            LCD_Wstring_Small(60+27,56,Temp);//show 8 TEMP
 238   3            show &= 0x7f;
 239   3          }
 240   2        /***************************************************************/
 241   2        
C51 COMPILER V9.51   MAIN                                                                  05/09/2015 15:00:58 PAGE 5   

 242   2        }
 243   1      }


MODULE INFORMATION:   STATIC OVERLAYABLE
   CODE SIZE        =   1674    ----
   CONSTANT SIZE    =     77    ----
   XDATA SIZE       =      7      51
   PDATA SIZE       =   ----    ----
   DATA SIZE        =   ----    ----
   IDATA SIZE       =   ----    ----
   BIT SIZE         =   ----    ----
END OF MODULE INFORMATION.


C51 COMPILATION COMPLETE.  0 WARNING(S),  0 ERROR(S)
