Change Component Designator: Old Designator= New Designator=1
Change Component Designator: Old Designator=1 New Designator=2
Change Component Designator: Old Designator=2 New Designator=3
Change Component Designator: Old Designator=3 New Designator=4
Change Component Designator: Old Designator=4 New Designator=5
Change Component Designator: Old Designator=5 New Designator=7
Change Component Designator: Old Designator=18B20 New Designator=6
Change Component Designator: Old Designator=b? New Designator=b1
Change Component Designator: Old Designator=C3 New Designator=C1
Change Component Designator: Old Designator=C4 New Designator=C2
Change Component Designator: Old Designator=C5 New Designator=C3
Change Component Designator: Old Designator=J4 New Designator=J1
Change Component Designator: Old Designator=J5 New Designator=J2
Change Component Designator: Old Designator=J6 New Designator=J3
Change Component Designator: Old Designator=J7 New Designator=J4
Change Component Designator: Old Designator=J8 New Designator=J5
Change Component Designator: Old Designator=Q? New Designator=Q1
Change Component Designator: Old Designator=R2 New Designator=R3
Change Component Designator: Old Designator=R3 New Designator=R5
Change Component Designator: Old Designator=R4 New Designator=R6
Change Component Designator: Old Designator=R? New Designator=R2
Change Component Designator: Old Designator=R? New Designator=R4
Change Component Designator: Old Designator=S6 New Designator=S2
Change Component Designator: Old Designator=VR? New Designator=VR1
